NAME                           READY   STATUS    RESTARTS   AGE   IP            NODE                                         NOMINATED NODE   READINESS GATES
mx-sglang-gpu-dev-1780604760   1/1     Running   0          13m   10.0.20.114   cluster-0967a26d-pool-14bee067-prctr-g2j7h   <none>           <none>
--- describe ---
Name:             mx-sglang-gpu-dev-1780604760
Namespace:        anish-dynamo
Priority:         0
Service Account:  default
Node:             cluster-0967a26d-pool-14bee067-prctr-g2j7h/192.168.0.197
Start Time:       Thu, 04 Jun 2026 22:26:01 +0200
Labels:           gpu-reaper.nvidia.com/status=idle
                  run=mx-sglang-gpu-dev-1780604760
Annotations:      gpu-reaper.nvidia.com/cpu-util-millicores: 0
                  gpu-reaper.nvidia.com/gpu-util-pct: 0
                  gpu-reaper.nvidia.com/idle-since: 2026-06-04T20:29:49Z
                  gpu-reaper.nvidia.com/net-throughput-bytes: 0
                  gpu-reaper.nvidia.com/state: idle
Status:           Running
IP:               10.0.20.114
IPs:
  IP:  10.0.20.114
Containers:
  gpu:
    Container ID:  containerd://1a952ef1921602810f2771b63d85c649b1f53a4007b4c85dfc3c93911e7c0396
    Image:         docker.io/amaddipoti439/modelexpress:sglang-public-rl-bb22a90
    Image ID:      docker.io/amaddipoti439/modelexpress@sha256:8f7188409c80c6998a06054718240d1b4abd61842e7f03beb8e2528bd98c4298
    Port:          <none>
    Host Port:     <none>
    Command:
      bash
      -lc
      sleep 7200
    State:          Running
      Started:      Thu, 04 Jun 2026 22:26:02 +0200
    Ready:          True
    Restart Count:  0
    Limits:
      cpu:             8
      memory:          48Gi
      nvidia.com/gpu:  1
    Requests:
      cpu:             4
      memory:          24Gi
      nvidia.com/gpu:  1
    Environment:       <none>
    Mounts:
      /var/run/secrets/kubernetes.io/serviceaccount from kube-api-access-pn6b4 (ro)
Conditions:
  Type                        Status
  PodReadyToStartContainers   True 
  Initialized                 True 
  Ready                       True 
  ContainersReady             True 
  PodScheduled                True 
Volumes:
  kube-api-access-pn6b4:
    Type:                    Projected (a volume that contains injected data from multiple sources)
    TokenExpirationSeconds:  3607
    ConfigMapName:           kube-root-ca.crt
    Optional:                false
    DownwardAPI:             true
QoS Class:                   Burstable
Node-Selectors:              <none>
Tolerations:                 node.kubernetes.io/not-ready:NoExecute op=Exists for 300s
                             node.kubernetes.io/unreachable:NoExecute op=Exists for 300s
                             nvidia.com/gpu:NoSchedule op=Exists
Events:
  Type    Reason     Age   From               Message
  ----    ------     ----  ----               -------
  Normal  Scheduled  13m   default-scheduler  Successfully assigned anish-dynamo/mx-sglang-gpu-dev-1780604760 to cluster-0967a26d-pool-14bee067-prctr-g2j7h
  Normal  Pulled     13m   kubelet            Container image "docker.io/amaddipoti439/modelexpress:sglang-public-rl-bb22a90" already present on machine
  Normal  Created    13m   kubelet            Created container: gpu
  Normal  Started    13m   kubelet            Started container gpu
