Fri Jun  5 16:17:41 2026
+-----------------------------------------------------------------------------------------+
| NVIDIA-SMI 595.58.03              Driver Version: 595.58.03      CUDA Version: 13.2     |
+-----------------------------------------+------------------------+----------------------+
| GPU  Name                 Persistence-M | Bus-Id          Disp.A | Volatile Uncorr. ECC |
| Fan  Temp   Perf          Pwr:Usage/Cap |           Memory-Usage | GPU-Util  Compute M. |
|                                         |                        |               MIG M. |
|=========================================+========================+======================|
|   0  NVIDIA B200                    On  |   00000000:3A:00.0 Off |                    0 |
| N/A   35C    P0            246W / 1000W |     732MiB / 183359MiB |      0%      Default |
|                                         |                        |             Disabled |
+-----------------------------------------+------------------------+----------------------+

+-----------------------------------------------------------------------------------------+
| Processes:                                                                              |
|  GPU   GI   CI              PID   Type   Process name                        GPU Memory |
|        ID   ID                                                               Usage      |
|=========================================================================================|
|    0   N/A  N/A             403      C   python3                                 718MiB |
+-----------------------------------------------------------------------------------------+
==== IB ====
/sys/class/infiniband/mlx5_10/ports/1/state=4: ACTIVE
/sys/class/infiniband/mlx5_10/ports/1/phys_state=5: LinkUp
/sys/class/infiniband/mlx5_10/ports/1/rate=400 Gb/sec (4X NDR)
